-------------------------------------------------------------------------------
Test set: Testnow11
-------------------------------------------------------------------------------
Tests run: 1, Failures: 1, Errors: 0, Skipped: 0, Time elapsed: 0.014 s <<< FAILURE! - in Testnow11
Testnow11.test_JUnit  Time elapsed: 0.005 s  <<< FAILURE!
org.opentest4j.AssertionFailedError: expected: <A different failure> but was: <A different failure mismatch>
	at Testnow11.test_JUnit(Testnow11.java:10)

