-------------------------------------------------------------------------------
Test set: Testnow6
-------------------------------------------------------------------------------
Tests run: 1, Failures: 1, Errors: 0, Skipped: 0, Time elapsed: 0.008 s <<< FAILURE! - in Testnow6
Testnow6.test_JUnit  Time elapsed: 0.003 s  <<< FAILURE!
org.opentest4j.AssertionFailedError: expected: <This is the testcase in this class> but was: <This is the testcase in this clas>
	at Testnow6.test_JUnit(Testnow6.java:10)

